Compiling the C compiler identification source file "CMakeCCompilerId.c" failed.
Compiler: /Applications/Xcode.app/Contents/Developer/Toolchains/XcodeDefault.xctoolchain/usr/bin/cc 
Build flags: 
Id flags:  

The output was:
1
ld: library not found for -lSystem
clang: error: linker command failed with exit code 1 (use -v to see invocation)


Compiling the CXX compiler identification source file "CMakeCXXCompilerId.cpp" failed.
Compiler: /Applications/Xcode.app/Contents/Developer/Toolchains/XcodeDefault.xctoolchain/usr/bin/c++ 
Build flags: 
Id flags:  

The output was:
1
ld: library not found for -lc++
clang: error: linker command failed with exit code 1 (use -v to see invocation)


Checking whether the ASM compiler is GNU using "--version" did not match "(GNU assembler)|(GCC)|(Free Software Foundation)":
Apple clang version 12.0.5 (clang-1205.0.22.9)
Target: arm64-apple-darwin20.4.0
Thread model: posix
InstalledDir: /Applications/Xcode.app/Contents/Developer/Toolchains/XcodeDefault.xctoolchain/usr/bin
Determining if the include file malloc/malloc.h exists failed with the following output:
Change Dir: /mnt/DataLinux/diploma/llvm-project/llvm/cmake-build-debug/CMakeFiles/CMakeTmp

Run Build Command(s):/usr/bin/gmake cmTC_37c0a/fast && /usr/bin/gmake  -f CMakeFiles/cmTC_37c0a.dir/build.make CMakeFiles/cmTC_37c0a.dir/build
gmake[1]: Entering directory '/mnt/DataLinux/diploma/llvm-project/llvm/cmake-build-debug/CMakeFiles/CMakeTmp'
Building C object CMakeFiles/cmTC_37c0a.dir/CheckIncludeFile.c.o
/usr/bin/cc    -o CMakeFiles/cmTC_37c0a.dir/CheckIncludeFile.c.o -c /mnt/DataLinux/diploma/llvm-project/llvm/cmake-build-debug/CMakeFiles/CMakeTmp/CheckIncludeFile.c
/mnt/DataLinux/diploma/llvm-project/llvm/cmake-build-debug/CMakeFiles/CMakeTmp/CheckIncludeFile.c:1:10: fatal error: malloc/malloc.h: No such file or directory
    1 | #include <malloc/malloc.h>
      |          ^~~~~~~~~~~~~~~~~
compilation terminated.
gmake[1]: *** [CMakeFiles/cmTC_37c0a.dir/build.make:85: CMakeFiles/cmTC_37c0a.dir/CheckIncludeFile.c.o] Error 1
gmake[1]: Leaving directory '/mnt/DataLinux/diploma/llvm-project/llvm/cmake-build-debug/CMakeFiles/CMakeTmp'
gmake: *** [Makefile:140: cmTC_37c0a/fast] Error 2



Determining if the include file valgrind/valgrind.h exists failed with the following output:
Change Dir: /mnt/DataLinux/diploma/llvm-project/llvm/cmake-build-debug/CMakeFiles/CMakeTmp

Run Build Command(s):/usr/bin/gmake cmTC_27541/fast && /usr/bin/gmake  -f CMakeFiles/cmTC_27541.dir/build.make CMakeFiles/cmTC_27541.dir/build
gmake[1]: Entering directory '/mnt/DataLinux/diploma/llvm-project/llvm/cmake-build-debug/CMakeFiles/CMakeTmp'
Building C object CMakeFiles/cmTC_27541.dir/CheckIncludeFile.c.o
/usr/bin/cc    -o CMakeFiles/cmTC_27541.dir/CheckIncludeFile.c.o -c /mnt/DataLinux/diploma/llvm-project/llvm/cmake-build-debug/CMakeFiles/CMakeTmp/CheckIncludeFile.c
/mnt/DataLinux/diploma/llvm-project/llvm/cmake-build-debug/CMakeFiles/CMakeTmp/CheckIncludeFile.c:1:10: fatal error: valgrind/valgrind.h: No such file or directory
    1 | #include <valgrind/valgrind.h>
      |          ^~~~~~~~~~~~~~~~~~~~~
compilation terminated.
gmake[1]: *** [CMakeFiles/cmTC_27541.dir/build.make:85: CMakeFiles/cmTC_27541.dir/CheckIncludeFile.c.o] Error 1
gmake[1]: Leaving directory '/mnt/DataLinux/diploma/llvm-project/llvm/cmake-build-debug/CMakeFiles/CMakeTmp'
gmake: *** [Makefile:140: cmTC_27541/fast] Error 2



Determining if the include file mach/mach.h exists failed with the following output:
Change Dir: /mnt/DataLinux/diploma/llvm-project/llvm/cmake-build-debug/CMakeFiles/CMakeTmp

Run Build Command(s):/usr/bin/gmake cmTC_ccc92/fast && /usr/bin/gmake  -f CMakeFiles/cmTC_ccc92.dir/build.make CMakeFiles/cmTC_ccc92.dir/build
gmake[1]: Entering directory '/mnt/DataLinux/diploma/llvm-project/llvm/cmake-build-debug/CMakeFiles/CMakeTmp'
Building C object CMakeFiles/cmTC_ccc92.dir/CheckIncludeFile.c.o
/usr/bin/cc    -o CMakeFiles/cmTC_ccc92.dir/CheckIncludeFile.c.o -c /mnt/DataLinux/diploma/llvm-project/llvm/cmake-build-debug/CMakeFiles/CMakeTmp/CheckIncludeFile.c
/mnt/DataLinux/diploma/llvm-project/llvm/cmake-build-debug/CMakeFiles/CMakeTmp/CheckIncludeFile.c:1:10: fatal error: mach/mach.h: No such file or directory
    1 | #include <mach/mach.h>
      |          ^~~~~~~~~~~~~
compilation terminated.
gmake[1]: *** [CMakeFiles/cmTC_ccc92.dir/build.make:85: CMakeFiles/cmTC_ccc92.dir/CheckIncludeFile.c.o] Error 1
gmake[1]: Leaving directory '/mnt/DataLinux/diploma/llvm-project/llvm/cmake-build-debug/CMakeFiles/CMakeTmp'
gmake: *** [Makefile:140: cmTC_ccc92/fast] Error 2



Determining if the include file histedit.h exists failed with the following output:
Change Dir: /mnt/DataLinux/diploma/llvm-project/llvm/cmake-build-debug/CMakeFiles/CMakeTmp

Run Build Command(s):/usr/bin/gmake cmTC_0b426/fast && /usr/bin/gmake  -f CMakeFiles/cmTC_0b426.dir/build.make CMakeFiles/cmTC_0b426.dir/build
gmake[1]: Entering directory '/mnt/DataLinux/diploma/llvm-project/llvm/cmake-build-debug/CMakeFiles/CMakeTmp'
Building C object CMakeFiles/cmTC_0b426.dir/CheckIncludeFile.c.o
/usr/bin/cc    -o CMakeFiles/cmTC_0b426.dir/CheckIncludeFile.c.o -c /mnt/DataLinux/diploma/llvm-project/llvm/cmake-build-debug/CMakeFiles/CMakeTmp/CheckIncludeFile.c
/mnt/DataLinux/diploma/llvm-project/llvm/cmake-build-debug/CMakeFiles/CMakeTmp/CheckIncludeFile.c:1:10: fatal error: histedit.h: No such file or directory
    1 | #include <histedit.h>
      |          ^~~~~~~~~~~~
compilation terminated.
gmake[1]: *** [CMakeFiles/cmTC_0b426.dir/build.make:85: CMakeFiles/cmTC_0b426.dir/CheckIncludeFile.c.o] Error 1
gmake[1]: Leaving directory '/mnt/DataLinux/diploma/llvm-project/llvm/cmake-build-debug/CMakeFiles/CMakeTmp'
gmake: *** [Makefile:140: cmTC_0b426/fast] Error 2



Determining if the include file CrashReporterClient.h exists failed with the following output:
Change Dir: /mnt/DataLinux/diploma/llvm-project/llvm/cmake-build-debug/CMakeFiles/CMakeTmp

Run Build Command(s):/usr/bin/gmake cmTC_8fd8a/fast && /usr/bin/gmake  -f CMakeFiles/cmTC_8fd8a.dir/build.make CMakeFiles/cmTC_8fd8a.dir/build
gmake[1]: Entering directory '/mnt/DataLinux/diploma/llvm-project/llvm/cmake-build-debug/CMakeFiles/CMakeTmp'
Building C object CMakeFiles/cmTC_8fd8a.dir/CheckIncludeFile.c.o
/usr/bin/cc    -o CMakeFiles/cmTC_8fd8a.dir/CheckIncludeFile.c.o -c /mnt/DataLinux/diploma/llvm-project/llvm/cmake-build-debug/CMakeFiles/CMakeTmp/CheckIncludeFile.c
/mnt/DataLinux/diploma/llvm-project/llvm/cmake-build-debug/CMakeFiles/CMakeTmp/CheckIncludeFile.c:1:10: fatal error: CrashReporterClient.h: No such file or directory
    1 | #include <CrashReporterClient.h>
      |          ^~~~~~~~~~~~~~~~~~~~~~~
compilation terminated.
gmake[1]: *** [CMakeFiles/cmTC_8fd8a.dir/build.make:85: CMakeFiles/cmTC_8fd8a.dir/CheckIncludeFile.c.o] Error 1
gmake[1]: Leaving directory '/mnt/DataLinux/diploma/llvm-project/llvm/cmake-build-debug/CMakeFiles/CMakeTmp'
gmake: *** [Makefile:140: cmTC_8fd8a/fast] Error 2



Determining if the function pfm_initialize exists in the pfm failed with the following output:
Change Dir: /mnt/DataLinux/diploma/llvm-project/llvm/cmake-build-debug/CMakeFiles/CMakeTmp

Run Build Command(s):/usr/bin/gmake cmTC_a9dfe/fast && /usr/bin/gmake  -f CMakeFiles/cmTC_a9dfe.dir/build.make CMakeFiles/cmTC_a9dfe.dir/build
gmake[1]: Entering directory '/mnt/DataLinux/diploma/llvm-project/llvm/cmake-build-debug/CMakeFiles/CMakeTmp'
Building C object CMakeFiles/cmTC_a9dfe.dir/CheckFunctionExists.c.o
/usr/bin/cc   -DCHECK_FUNCTION_EXISTS=pfm_initialize -o CMakeFiles/cmTC_a9dfe.dir/CheckFunctionExists.c.o -c /snap/clion/151/bin/cmake/linux/share/cmake-3.19/Modules/CheckFunctionExists.c
Linking C executable cmTC_a9dfe
/snap/clion/151/bin/cmake/linux/bin/cmake -E cmake_link_script CMakeFiles/cmTC_a9dfe.dir/link.txt --verbose=1
/usr/bin/cc  -DCHECK_FUNCTION_EXISTS=pfm_initialize CMakeFiles/cmTC_a9dfe.dir/CheckFunctionExists.c.o -o cmTC_a9dfe  -lpfm -lm 
/usr/bin/ld: cannot find -lpfm
collect2: error: ld returned 1 exit status
gmake[1]: *** [CMakeFiles/cmTC_a9dfe.dir/build.make:106: cmTC_a9dfe] Error 1
gmake[1]: Leaving directory '/mnt/DataLinux/diploma/llvm-project/llvm/cmake-build-debug/CMakeFiles/CMakeTmp'
gmake: *** [Makefile:140: cmTC_a9dfe/fast] Error 2



Performing C SOURCE FILE Test CMAKE_HAVE_LIBC_PTHREAD failed with the following output:
Change Dir: /mnt/DataLinux/diploma/llvm-project/llvm/cmake-build-debug/CMakeFiles/CMakeTmp

Run Build Command(s):/usr/bin/gmake cmTC_822bb/fast && /usr/bin/gmake  -f CMakeFiles/cmTC_822bb.dir/build.make CMakeFiles/cmTC_822bb.dir/build
gmake[1]: Entering directory '/mnt/DataLinux/diploma/llvm-project/llvm/cmake-build-debug/CMakeFiles/CMakeTmp'
Building C object CMakeFiles/cmTC_822bb.dir/src.c.o
/usr/bin/cc -DCMAKE_HAVE_LIBC_PTHREAD   -o CMakeFiles/cmTC_822bb.dir/src.c.o -c /mnt/DataLinux/diploma/llvm-project/llvm/cmake-build-debug/CMakeFiles/CMakeTmp/src.c
Linking C executable cmTC_822bb
/snap/clion/151/bin/cmake/linux/bin/cmake -E cmake_link_script CMakeFiles/cmTC_822bb.dir/link.txt --verbose=1
/usr/bin/cc CMakeFiles/cmTC_822bb.dir/src.c.o -o cmTC_822bb  -lm 
/usr/bin/ld: CMakeFiles/cmTC_822bb.dir/src.c.o: in function `main':
src.c:(.text+0x46): undefined reference to `pthread_create'
/usr/bin/ld: src.c:(.text+0x52): undefined reference to `pthread_detach'
/usr/bin/ld: src.c:(.text+0x5e): undefined reference to `pthread_cancel'
/usr/bin/ld: src.c:(.text+0x6f): undefined reference to `pthread_join'
collect2: error: ld returned 1 exit status
gmake[1]: *** [CMakeFiles/cmTC_822bb.dir/build.make:106: cmTC_822bb] Error 1
gmake[1]: Leaving directory '/mnt/DataLinux/diploma/llvm-project/llvm/cmake-build-debug/CMakeFiles/CMakeTmp'
gmake: *** [Makefile:140: cmTC_822bb/fast] Error 2


Source file was:
#include <pthread.h>

static void* test_func(void* data)
{
  return data;
}

int main(void)
{
  pthread_t thread;
  pthread_create(&thread, NULL, test_func, NULL);
  pthread_detach(thread);
  pthread_cancel(thread);
  pthread_join(thread, NULL);
  pthread_atfork(NULL, NULL, NULL);
  pthread_exit(NULL);

  return 0;
}

Determining if the function pthread_create exists in the pthreads failed with the following output:
Change Dir: /mnt/DataLinux/diploma/llvm-project/llvm/cmake-build-debug/CMakeFiles/CMakeTmp

Run Build Command(s):/usr/bin/gmake cmTC_a3a8d/fast && /usr/bin/gmake  -f CMakeFiles/cmTC_a3a8d.dir/build.make CMakeFiles/cmTC_a3a8d.dir/build
gmake[1]: Entering directory '/mnt/DataLinux/diploma/llvm-project/llvm/cmake-build-debug/CMakeFiles/CMakeTmp'
Building C object CMakeFiles/cmTC_a3a8d.dir/CheckFunctionExists.c.o
/usr/bin/cc   -DCHECK_FUNCTION_EXISTS=pthread_create -o CMakeFiles/cmTC_a3a8d.dir/CheckFunctionExists.c.o -c /snap/clion/151/bin/cmake/linux/share/cmake-3.19/Modules/CheckFunctionExists.c
Linking C executable cmTC_a3a8d
/snap/clion/151/bin/cmake/linux/bin/cmake -E cmake_link_script CMakeFiles/cmTC_a3a8d.dir/link.txt --verbose=1
/usr/bin/cc  -DCHECK_FUNCTION_EXISTS=pthread_create CMakeFiles/cmTC_a3a8d.dir/CheckFunctionExists.c.o -o cmTC_a3a8d  -lpthreads -lm 
/usr/bin/ld: cannot find -lpthreads
collect2: error: ld returned 1 exit status
gmake[1]: *** [CMakeFiles/cmTC_a3a8d.dir/build.make:106: cmTC_a3a8d] Error 1
gmake[1]: Leaving directory '/mnt/DataLinux/diploma/llvm-project/llvm/cmake-build-debug/CMakeFiles/CMakeTmp'
gmake: *** [Makefile:140: cmTC_a3a8d/fast] Error 2



Determining if the function xar_open exists in the xar failed with the following output:
Change Dir: /mnt/DataLinux/diploma/llvm-project/llvm/cmake-build-debug/CMakeFiles/CMakeTmp

Run Build Command(s):/usr/bin/gmake cmTC_e5f2f/fast && /usr/bin/gmake  -f CMakeFiles/cmTC_e5f2f.dir/build.make CMakeFiles/cmTC_e5f2f.dir/build
gmake[1]: Entering directory '/mnt/DataLinux/diploma/llvm-project/llvm/cmake-build-debug/CMakeFiles/CMakeTmp'
Building C object CMakeFiles/cmTC_e5f2f.dir/CheckFunctionExists.c.o
/usr/bin/cc   -DCHECK_FUNCTION_EXISTS=xar_open -o CMakeFiles/cmTC_e5f2f.dir/CheckFunctionExists.c.o -c /snap/clion/151/bin/cmake/linux/share/cmake-3.19/Modules/CheckFunctionExists.c
Linking C executable cmTC_e5f2f
/snap/clion/151/bin/cmake/linux/bin/cmake -E cmake_link_script CMakeFiles/cmTC_e5f2f.dir/link.txt --verbose=1
/usr/bin/cc  -DCHECK_FUNCTION_EXISTS=xar_open CMakeFiles/cmTC_e5f2f.dir/CheckFunctionExists.c.o -o cmTC_e5f2f  -lxar -lm 
/usr/bin/ld: cannot find -lxar
collect2: error: ld returned 1 exit status
gmake[1]: *** [CMakeFiles/cmTC_e5f2f.dir/build.make:106: cmTC_e5f2f] Error 1
gmake[1]: Leaving directory '/mnt/DataLinux/diploma/llvm-project/llvm/cmake-build-debug/CMakeFiles/CMakeTmp'
gmake: *** [Makefile:140: cmTC_e5f2f/fast] Error 2



Determining if the arc4random exist failed with the following output:
Change Dir: /mnt/DataLinux/diploma/llvm-project/llvm/cmake-build-debug/CMakeFiles/CMakeTmp

Run Build Command(s):/usr/bin/gmake cmTC_a50d1/fast && /usr/bin/gmake  -f CMakeFiles/cmTC_a50d1.dir/build.make CMakeFiles/cmTC_a50d1.dir/build
gmake[1]: Entering directory '/mnt/DataLinux/diploma/llvm-project/llvm/cmake-build-debug/CMakeFiles/CMakeTmp'
Building C object CMakeFiles/cmTC_a50d1.dir/CheckSymbolExists.c.o
/usr/bin/cc    -o CMakeFiles/cmTC_a50d1.dir/CheckSymbolExists.c.o -c /mnt/DataLinux/diploma/llvm-project/llvm/cmake-build-debug/CMakeFiles/CMakeTmp/CheckSymbolExists.c
/mnt/DataLinux/diploma/llvm-project/llvm/cmake-build-debug/CMakeFiles/CMakeTmp/CheckSymbolExists.c: In function ‘main’:
/mnt/DataLinux/diploma/llvm-project/llvm/cmake-build-debug/CMakeFiles/CMakeTmp/CheckSymbolExists.c:8:19: error: ‘arc4random’ undeclared (first use in this function); did you mean ‘srandom’?
    8 |   return ((int*)(&arc4random))[argc];
      |                   ^~~~~~~~~~
      |                   srandom
/mnt/DataLinux/diploma/llvm-project/llvm/cmake-build-debug/CMakeFiles/CMakeTmp/CheckSymbolExists.c:8:19: note: each undeclared identifier is reported only once for each function it appears in
gmake[1]: *** [CMakeFiles/cmTC_a50d1.dir/build.make:85: CMakeFiles/cmTC_a50d1.dir/CheckSymbolExists.c.o] Error 1
gmake[1]: Leaving directory '/mnt/DataLinux/diploma/llvm-project/llvm/cmake-build-debug/CMakeFiles/CMakeTmp'
gmake: *** [Makefile:140: cmTC_a50d1/fast] Error 2


File /mnt/DataLinux/diploma/llvm-project/llvm/cmake-build-debug/CMakeFiles/CMakeTmp/CheckSymbolExists.c:
/* */
#include <stdlib.h>

int main(int argc, char** argv)
{
  (void)argv;
#ifndef arc4random
  return ((int*)(&arc4random))[argc];
#else
  (void)argc;
  return 0;
#endif
}
Performing C SOURCE FILE Test C_SUPPORTS_WERROR_UNGUARDED_AVAILABILITY_NEW failed with the following output:
Change Dir: /mnt/DataLinux/diploma/llvm-project/llvm/cmake-build-debug/CMakeFiles/CMakeTmp

Run Build Command(s):/usr/bin/gmake cmTC_5a2e8/fast && /usr/bin/gmake  -f CMakeFiles/cmTC_5a2e8.dir/build.make CMakeFiles/cmTC_5a2e8.dir/build
gmake[1]: Entering directory '/mnt/DataLinux/diploma/llvm-project/llvm/cmake-build-debug/CMakeFiles/CMakeTmp'
Building C object CMakeFiles/cmTC_5a2e8.dir/src.c.o
/usr/bin/cc -DC_SUPPORTS_WERROR_UNGUARDED_AVAILABILITY_NEW  -Werror=unguarded-availability-new -o CMakeFiles/cmTC_5a2e8.dir/src.c.o -c /mnt/DataLinux/diploma/llvm-project/llvm/cmake-build-debug/CMakeFiles/CMakeTmp/src.c
cc1: error: '-Werror=unguarded-availability-new': no option '-Wunguarded-availability-new'
gmake[1]: *** [CMakeFiles/cmTC_5a2e8.dir/build.make:85: CMakeFiles/cmTC_5a2e8.dir/src.c.o] Error 1
gmake[1]: Leaving directory '/mnt/DataLinux/diploma/llvm-project/llvm/cmake-build-debug/CMakeFiles/CMakeTmp'
gmake: *** [Makefile:140: cmTC_5a2e8/fast] Error 2


Source file was:
int main(void) { return 0; }
Determining if the mallctl exist failed with the following output:
Change Dir: /mnt/DataLinux/diploma/llvm-project/llvm/cmake-build-debug/CMakeFiles/CMakeTmp

Run Build Command(s):/usr/bin/gmake cmTC_945f8/fast && /usr/bin/gmake  -f CMakeFiles/cmTC_945f8.dir/build.make CMakeFiles/cmTC_945f8.dir/build
gmake[1]: Entering directory '/mnt/DataLinux/diploma/llvm-project/llvm/cmake-build-debug/CMakeFiles/CMakeTmp'
Building C object CMakeFiles/cmTC_945f8.dir/CheckSymbolExists.c.o
/usr/bin/cc    -o CMakeFiles/cmTC_945f8.dir/CheckSymbolExists.c.o -c /mnt/DataLinux/diploma/llvm-project/llvm/cmake-build-debug/CMakeFiles/CMakeTmp/CheckSymbolExists.c
/mnt/DataLinux/diploma/llvm-project/llvm/cmake-build-debug/CMakeFiles/CMakeTmp/CheckSymbolExists.c:2:10: fatal error: malloc_np.h: No such file or directory
    2 | #include <malloc_np.h>
      |          ^~~~~~~~~~~~~
compilation terminated.
gmake[1]: *** [CMakeFiles/cmTC_945f8.dir/build.make:85: CMakeFiles/cmTC_945f8.dir/CheckSymbolExists.c.o] Error 1
gmake[1]: Leaving directory '/mnt/DataLinux/diploma/llvm-project/llvm/cmake-build-debug/CMakeFiles/CMakeTmp'
gmake: *** [Makefile:140: cmTC_945f8/fast] Error 2


File /mnt/DataLinux/diploma/llvm-project/llvm/cmake-build-debug/CMakeFiles/CMakeTmp/CheckSymbolExists.c:
/* */
#include <malloc_np.h>

int main(int argc, char** argv)
{
  (void)argv;
#ifndef mallctl
  return ((int*)(&mallctl))[argc];
#else
  (void)argc;
  return 0;
#endif
}
Determining if the malloc_zone_statistics exist failed with the following output:
Change Dir: /mnt/DataLinux/diploma/llvm-project/llvm/cmake-build-debug/CMakeFiles/CMakeTmp

Run Build Command(s):/usr/bin/gmake cmTC_fae8a/fast && /usr/bin/gmake  -f CMakeFiles/cmTC_fae8a.dir/build.make CMakeFiles/cmTC_fae8a.dir/build
gmake[1]: Entering directory '/mnt/DataLinux/diploma/llvm-project/llvm/cmake-build-debug/CMakeFiles/CMakeTmp'
Building C object CMakeFiles/cmTC_fae8a.dir/CheckSymbolExists.c.o
/usr/bin/cc    -o CMakeFiles/cmTC_fae8a.dir/CheckSymbolExists.c.o -c /mnt/DataLinux/diploma/llvm-project/llvm/cmake-build-debug/CMakeFiles/CMakeTmp/CheckSymbolExists.c
/mnt/DataLinux/diploma/llvm-project/llvm/cmake-build-debug/CMakeFiles/CMakeTmp/CheckSymbolExists.c:2:10: fatal error: malloc/malloc.h: No such file or directory
    2 | #include <malloc/malloc.h>
      |          ^~~~~~~~~~~~~~~~~
compilation terminated.
gmake[1]: *** [CMakeFiles/cmTC_fae8a.dir/build.make:85: CMakeFiles/cmTC_fae8a.dir/CheckSymbolExists.c.o] Error 1
gmake[1]: Leaving directory '/mnt/DataLinux/diploma/llvm-project/llvm/cmake-build-debug/CMakeFiles/CMakeTmp'
gmake: *** [Makefile:140: cmTC_fae8a/fast] Error 2


File /mnt/DataLinux/diploma/llvm-project/llvm/cmake-build-debug/CMakeFiles/CMakeTmp/CheckSymbolExists.c:
/* */
#include <malloc/malloc.h>

int main(int argc, char** argv)
{
  (void)argv;
#ifndef malloc_zone_statistics
  return ((int*)(&malloc_zone_statistics))[argc];
#else
  (void)argc;
  return 0;
#endif
}
Determining if the strerror_s exist failed with the following output:
Change Dir: /mnt/DataLinux/diploma/llvm-project/llvm/cmake-build-debug/CMakeFiles/CMakeTmp

Run Build Command(s):/usr/bin/gmake cmTC_5d0eb/fast && /usr/bin/gmake  -f CMakeFiles/cmTC_5d0eb.dir/build.make CMakeFiles/cmTC_5d0eb.dir/build
gmake[1]: Entering directory '/mnt/DataLinux/diploma/llvm-project/llvm/cmake-build-debug/CMakeFiles/CMakeTmp'
Building C object CMakeFiles/cmTC_5d0eb.dir/CheckSymbolExists.c.o
/usr/bin/cc    -o CMakeFiles/cmTC_5d0eb.dir/CheckSymbolExists.c.o -c /mnt/DataLinux/diploma/llvm-project/llvm/cmake-build-debug/CMakeFiles/CMakeTmp/CheckSymbolExists.c
/mnt/DataLinux/diploma/llvm-project/llvm/cmake-build-debug/CMakeFiles/CMakeTmp/CheckSymbolExists.c: In function ‘main’:
/mnt/DataLinux/diploma/llvm-project/llvm/cmake-build-debug/CMakeFiles/CMakeTmp/CheckSymbolExists.c:8:19: error: ‘strerror_s’ undeclared (first use in this function); did you mean ‘strerror_l’?
    8 |   return ((int*)(&strerror_s))[argc];
      |                   ^~~~~~~~~~
      |                   strerror_l
/mnt/DataLinux/diploma/llvm-project/llvm/cmake-build-debug/CMakeFiles/CMakeTmp/CheckSymbolExists.c:8:19: note: each undeclared identifier is reported only once for each function it appears in
gmake[1]: *** [CMakeFiles/cmTC_5d0eb.dir/build.make:85: CMakeFiles/cmTC_5d0eb.dir/CheckSymbolExists.c.o] Error 1
gmake[1]: Leaving directory '/mnt/DataLinux/diploma/llvm-project/llvm/cmake-build-debug/CMakeFiles/CMakeTmp'
gmake: *** [Makefile:140: cmTC_5d0eb/fast] Error 2


File /mnt/DataLinux/diploma/llvm-project/llvm/cmake-build-debug/CMakeFiles/CMakeTmp/CheckSymbolExists.c:
/* */
#include <string.h>

int main(int argc, char** argv)
{
  (void)argv;
#ifndef strerror_s
  return ((int*)(&strerror_s))[argc];
#else
  (void)argc;
  return 0;
#endif
}
Determining if the dladdr exist failed with the following output:
Change Dir: /mnt/DataLinux/diploma/llvm-project/llvm/cmake-build-debug/CMakeFiles/CMakeTmp

Run Build Command(s):/usr/bin/gmake cmTC_1cddb/fast && /usr/bin/gmake  -f CMakeFiles/cmTC_1cddb.dir/build.make CMakeFiles/cmTC_1cddb.dir/build
gmake[1]: Entering directory '/mnt/DataLinux/diploma/llvm-project/llvm/cmake-build-debug/CMakeFiles/CMakeTmp'
Building C object CMakeFiles/cmTC_1cddb.dir/CheckSymbolExists.c.o
/usr/bin/cc    -o CMakeFiles/cmTC_1cddb.dir/CheckSymbolExists.c.o -c /mnt/DataLinux/diploma/llvm-project/llvm/cmake-build-debug/CMakeFiles/CMakeTmp/CheckSymbolExists.c
/mnt/DataLinux/diploma/llvm-project/llvm/cmake-build-debug/CMakeFiles/CMakeTmp/CheckSymbolExists.c: In function ‘main’:
/mnt/DataLinux/diploma/llvm-project/llvm/cmake-build-debug/CMakeFiles/CMakeTmp/CheckSymbolExists.c:8:19: error: ‘dladdr’ undeclared (first use in this function)
    8 |   return ((int*)(&dladdr))[argc];
      |                   ^~~~~~
/mnt/DataLinux/diploma/llvm-project/llvm/cmake-build-debug/CMakeFiles/CMakeTmp/CheckSymbolExists.c:8:19: note: each undeclared identifier is reported only once for each function it appears in
gmake[1]: *** [CMakeFiles/cmTC_1cddb.dir/build.make:85: CMakeFiles/cmTC_1cddb.dir/CheckSymbolExists.c.o] Error 1
gmake[1]: Leaving directory '/mnt/DataLinux/diploma/llvm-project/llvm/cmake-build-debug/CMakeFiles/CMakeTmp'
gmake: *** [Makefile:140: cmTC_1cddb/fast] Error 2


File /mnt/DataLinux/diploma/llvm-project/llvm/cmake-build-debug/CMakeFiles/CMakeTmp/CheckSymbolExists.c:
/* */
#include <dlfcn.h>

int main(int argc, char** argv)
{
  (void)argv;
#ifndef dladdr
  return ((int*)(&dladdr))[argc];
#else
  (void)argc;
  return 0;
#endif
}
Performing C SOURCE FILE Test HAVE_STRUCT_STAT_ST_MTIMESPEC_TV_NSEC failed with the following output:
Change Dir: /mnt/DataLinux/diploma/llvm-project/llvm/cmake-build-debug/CMakeFiles/CMakeTmp

Run Build Command(s):/usr/bin/gmake cmTC_462b1/fast && /usr/bin/gmake  -f CMakeFiles/cmTC_462b1.dir/build.make CMakeFiles/cmTC_462b1.dir/build
gmake[1]: Entering directory '/mnt/DataLinux/diploma/llvm-project/llvm/cmake-build-debug/CMakeFiles/CMakeTmp'
Building C object CMakeFiles/cmTC_462b1.dir/src.c.o
/usr/bin/cc -DHAVE_STRUCT_STAT_ST_MTIMESPEC_TV_NSEC   -o CMakeFiles/cmTC_462b1.dir/src.c.o -c /mnt/DataLinux/diploma/llvm-project/llvm/cmake-build-debug/CMakeFiles/CMakeTmp/src.c
/mnt/DataLinux/diploma/llvm-project/llvm/cmake-build-debug/CMakeFiles/CMakeTmp/src.c: In function ‘main’:
/mnt/DataLinux/diploma/llvm-project/llvm/cmake-build-debug/CMakeFiles/CMakeTmp/src.c:7:34: error: ‘struct stat’ has no member named ‘st_mtimespec’
    7 |   (void)sizeof(((struct stat *)0)->st_mtimespec.tv_nsec);
      |                                  ^~
gmake[1]: *** [CMakeFiles/cmTC_462b1.dir/build.make:85: CMakeFiles/cmTC_462b1.dir/src.c.o] Error 1
gmake[1]: Leaving directory '/mnt/DataLinux/diploma/llvm-project/llvm/cmake-build-debug/CMakeFiles/CMakeTmp'
gmake: *** [Makefile:140: cmTC_462b1/fast] Error 2


Source file was:

#include <sys/types.h>
#include <sys/stat.h>

int main()
{
  (void)sizeof(((struct stat *)0)->st_mtimespec.tv_nsec);
  return 0;
}

Determining if the proc_pid_rusage exist failed with the following output:
Change Dir: /mnt/DataLinux/diploma/llvm-project/llvm/cmake-build-debug/CMakeFiles/CMakeTmp

Run Build Command(s):/usr/bin/gmake cmTC_1fd22/fast && /usr/bin/gmake  -f CMakeFiles/cmTC_1fd22.dir/build.make CMakeFiles/cmTC_1fd22.dir/build
gmake[1]: Entering directory '/mnt/DataLinux/diploma/llvm-project/llvm/cmake-build-debug/CMakeFiles/CMakeTmp'
Building C object CMakeFiles/cmTC_1fd22.dir/CheckSymbolExists.c.o
/usr/bin/cc -D_GNU_SOURCE   -o CMakeFiles/cmTC_1fd22.dir/CheckSymbolExists.c.o -c /mnt/DataLinux/diploma/llvm-project/llvm/cmake-build-debug/CMakeFiles/CMakeTmp/CheckSymbolExists.c
/mnt/DataLinux/diploma/llvm-project/llvm/cmake-build-debug/CMakeFiles/CMakeTmp/CheckSymbolExists.c:2:10: fatal error: libproc.h: No such file or directory
    2 | #include <libproc.h>
      |          ^~~~~~~~~~~
compilation terminated.
gmake[1]: *** [CMakeFiles/cmTC_1fd22.dir/build.make:85: CMakeFiles/cmTC_1fd22.dir/CheckSymbolExists.c.o] Error 1
gmake[1]: Leaving directory '/mnt/DataLinux/diploma/llvm-project/llvm/cmake-build-debug/CMakeFiles/CMakeTmp'
gmake: *** [Makefile:140: cmTC_1fd22/fast] Error 2


File /mnt/DataLinux/diploma/llvm-project/llvm/cmake-build-debug/CMakeFiles/CMakeTmp/CheckSymbolExists.c:
/* */
#include <libproc.h>

int main(int argc, char** argv)
{
  (void)argv;
#ifndef proc_pid_rusage
  return ((int*)(&proc_pid_rusage))[argc];
#else
  (void)argc;
  return 0;
#endif
}
Performing C++ SOURCE FILE Test SUPPORTS_GNU_ZERO_VARIADIC_MACRO_ARGUMENTS_FLAG failed with the following output:
Change Dir: /mnt/DataLinux/diploma/llvm-project/llvm/cmake-build-debug/CMakeFiles/CMakeTmp

Run Build Command(s):/usr/bin/gmake cmTC_35b5a/fast && /usr/bin/gmake  -f CMakeFiles/cmTC_35b5a.dir/build.make CMakeFiles/cmTC_35b5a.dir/build
gmake[1]: Entering directory '/mnt/DataLinux/diploma/llvm-project/llvm/cmake-build-debug/CMakeFiles/CMakeTmp'
Building CXX object CMakeFiles/cmTC_35b5a.dir/src.cxx.o
/usr/bin/c++ -DSUPPORTS_GNU_ZERO_VARIADIC_MACRO_ARGUMENTS_FLAG  -Wgnu-zero-variadic-macro-arguments -std=c++14 -o CMakeFiles/cmTC_35b5a.dir/src.cxx.o -c /mnt/DataLinux/diploma/llvm-project/llvm/cmake-build-debug/CMakeFiles/CMakeTmp/src.cxx
c++: error: unrecognized command-line option '-Wgnu-zero-variadic-macro-arguments'
gmake[1]: *** [CMakeFiles/cmTC_35b5a.dir/build.make:85: CMakeFiles/cmTC_35b5a.dir/src.cxx.o] Error 1
gmake[1]: Leaving directory '/mnt/DataLinux/diploma/llvm-project/llvm/cmake-build-debug/CMakeFiles/CMakeTmp'
gmake: *** [Makefile:140: cmTC_35b5a/fast] Error 2


Source file was:
int main() { return 0; }
Performing C++ SOURCE FILE Test CXX_SUPPORTS_WERROR_UNGUARDED_AVAILABILITY_NEW failed with the following output:
Change Dir: /mnt/DataLinux/diploma/llvm-project/llvm/cmake-build-debug/CMakeFiles/CMakeTmp

Run Build Command(s):/usr/bin/gmake cmTC_19d7f/fast && /usr/bin/gmake  -f CMakeFiles/cmTC_19d7f.dir/build.make CMakeFiles/cmTC_19d7f.dir/build
gmake[1]: Entering directory '/mnt/DataLinux/diploma/llvm-project/llvm/cmake-build-debug/CMakeFiles/CMakeTmp'
Building CXX object CMakeFiles/cmTC_19d7f.dir/src.cxx.o
/usr/bin/c++ -DCXX_SUPPORTS_WERROR_UNGUARDED_AVAILABILITY_NEW  -fPIC -fno-semantic-interposition -fvisibility-inlines-hidden -Werror=date-time    -Werror -Werror=unguarded-availability-new -std=c++14 -o CMakeFiles/cmTC_19d7f.dir/src.cxx.o -c /mnt/DataLinux/diploma/llvm-project/llvm/cmake-build-debug/CMakeFiles/CMakeTmp/src.cxx
cc1plus: error: '-Werror=unguarded-availability-new': no option '-Wunguarded-availability-new'
gmake[1]: *** [CMakeFiles/cmTC_19d7f.dir/build.make:85: CMakeFiles/cmTC_19d7f.dir/src.cxx.o] Error 1
gmake[1]: Leaving directory '/mnt/DataLinux/diploma/llvm-project/llvm/cmake-build-debug/CMakeFiles/CMakeTmp'
gmake: *** [Makefile:140: cmTC_19d7f/fast] Error 2


Source file was:
int main() { return 0; }
Performing C SOURCE FILE Test C_SUPPORTS_CXX98_COMPAT_EXTRA_SEMI_FLAG failed with the following output:
Change Dir: /mnt/DataLinux/diploma/llvm-project/llvm/cmake-build-debug/CMakeFiles/CMakeTmp

Run Build Command(s):/usr/bin/gmake cmTC_01667/fast && /usr/bin/gmake  -f CMakeFiles/cmTC_01667.dir/build.make CMakeFiles/cmTC_01667.dir/build
gmake[1]: Entering directory '/mnt/DataLinux/diploma/llvm-project/llvm/cmake-build-debug/CMakeFiles/CMakeTmp'
Building C object CMakeFiles/cmTC_01667.dir/src.c.o
/usr/bin/cc -DC_SUPPORTS_CXX98_COMPAT_EXTRA_SEMI_FLAG  -fPIC -fno-semantic-interposition -Werror=date-time -Wall -Wextra -Wno-unused-parameter -Wwrite-strings -Wno-missing-field-initializers -pedantic -Wno-long-long    -Werror -Wc++98-compat-extra-semi -o CMakeFiles/cmTC_01667.dir/src.c.o -c /mnt/DataLinux/diploma/llvm-project/llvm/cmake-build-debug/CMakeFiles/CMakeTmp/src.c
cc: error: unrecognized command-line option '-Wc++98-compat-extra-semi'
gmake[1]: *** [CMakeFiles/cmTC_01667.dir/build.make:85: CMakeFiles/cmTC_01667.dir/src.c.o] Error 1
gmake[1]: Leaving directory '/mnt/DataLinux/diploma/llvm-project/llvm/cmake-build-debug/CMakeFiles/CMakeTmp'
gmake: *** [Makefile:140: cmTC_01667/fast] Error 2


Source file was:
int main(void) { return 0; }
Performing C++ SOURCE FILE Test CXX_SUPPORTS_CXX98_COMPAT_EXTRA_SEMI_FLAG failed with the following output:
Change Dir: /mnt/DataLinux/diploma/llvm-project/llvm/cmake-build-debug/CMakeFiles/CMakeTmp

Run Build Command(s):/usr/bin/gmake cmTC_b4f92/fast && /usr/bin/gmake  -f CMakeFiles/cmTC_b4f92.dir/build.make CMakeFiles/cmTC_b4f92.dir/build
gmake[1]: Entering directory '/mnt/DataLinux/diploma/llvm-project/llvm/cmake-build-debug/CMakeFiles/CMakeTmp'
Building CXX object CMakeFiles/cmTC_b4f92.dir/src.cxx.o
/usr/bin/c++ -DCXX_SUPPORTS_CXX98_COMPAT_EXTRA_SEMI_FLAG  -fPIC -fno-semantic-interposition -fvisibility-inlines-hidden -Werror=date-time -Wall -Wextra -Wno-unused-parameter -Wwrite-strings -Wcast-qual -Wno-missing-field-initializers -pedantic -Wno-long-long    -Werror -Wc++98-compat-extra-semi -std=c++14 -o CMakeFiles/cmTC_b4f92.dir/src.cxx.o -c /mnt/DataLinux/diploma/llvm-project/llvm/cmake-build-debug/CMakeFiles/CMakeTmp/src.cxx
c++: error: unrecognized command-line option '-Wc++98-compat-extra-semi'
gmake[1]: *** [CMakeFiles/cmTC_b4f92.dir/build.make:85: CMakeFiles/cmTC_b4f92.dir/src.cxx.o] Error 1
gmake[1]: Leaving directory '/mnt/DataLinux/diploma/llvm-project/llvm/cmake-build-debug/CMakeFiles/CMakeTmp'
gmake: *** [Makefile:140: cmTC_b4f92/fast] Error 2


Source file was:
int main() { return 0; }
Performing C SOURCE FILE Test C_SUPPORTS_COVERED_SWITCH_DEFAULT_FLAG failed with the following output:
Change Dir: /mnt/DataLinux/diploma/llvm-project/llvm/cmake-build-debug/CMakeFiles/CMakeTmp

Run Build Command(s):/usr/bin/gmake cmTC_492e0/fast && /usr/bin/gmake  -f CMakeFiles/cmTC_492e0.dir/build.make CMakeFiles/cmTC_492e0.dir/build
gmake[1]: Entering directory '/mnt/DataLinux/diploma/llvm-project/llvm/cmake-build-debug/CMakeFiles/CMakeTmp'
Building C object CMakeFiles/cmTC_492e0.dir/src.c.o
/usr/bin/cc -DC_SUPPORTS_COVERED_SWITCH_DEFAULT_FLAG  -fPIC -fno-semantic-interposition -Werror=date-time -Wall -Wextra -Wno-unused-parameter -Wwrite-strings -Wno-missing-field-initializers -pedantic -Wno-long-long -Wimplicit-fallthrough    -Werror -Wcovered-switch-default -o CMakeFiles/cmTC_492e0.dir/src.c.o -c /mnt/DataLinux/diploma/llvm-project/llvm/cmake-build-debug/CMakeFiles/CMakeTmp/src.c
cc: error: unrecognized command-line option '-Wcovered-switch-default'; did you mean '-Wno-switch-default'?
gmake[1]: *** [CMakeFiles/cmTC_492e0.dir/build.make:85: CMakeFiles/cmTC_492e0.dir/src.c.o] Error 1
gmake[1]: Leaving directory '/mnt/DataLinux/diploma/llvm-project/llvm/cmake-build-debug/CMakeFiles/CMakeTmp'
gmake: *** [Makefile:140: cmTC_492e0/fast] Error 2


Source file was:
int main(void) { return 0; }
Performing C++ SOURCE FILE Test CXX_SUPPORTS_COVERED_SWITCH_DEFAULT_FLAG failed with the following output:
Change Dir: /mnt/DataLinux/diploma/llvm-project/llvm/cmake-build-debug/CMakeFiles/CMakeTmp

Run Build Command(s):/usr/bin/gmake cmTC_f6ca7/fast && /usr/bin/gmake  -f CMakeFiles/cmTC_f6ca7.dir/build.make CMakeFiles/cmTC_f6ca7.dir/build
gmake[1]: Entering directory '/mnt/DataLinux/diploma/llvm-project/llvm/cmake-build-debug/CMakeFiles/CMakeTmp'
Building CXX object CMakeFiles/cmTC_f6ca7.dir/src.cxx.o
/usr/bin/c++ -DCXX_SUPPORTS_COVERED_SWITCH_DEFAULT_FLAG  -fPIC -fno-semantic-interposition -fvisibility-inlines-hidden -Werror=date-time -Wall -Wextra -Wno-unused-parameter -Wwrite-strings -Wcast-qual -Wno-missing-field-initializers -pedantic -Wno-long-long -Wimplicit-fallthrough    -Werror -Wcovered-switch-default -std=c++14 -o CMakeFiles/cmTC_f6ca7.dir/src.cxx.o -c /mnt/DataLinux/diploma/llvm-project/llvm/cmake-build-debug/CMakeFiles/CMakeTmp/src.cxx
c++: error: unrecognized command-line option '-Wcovered-switch-default'; did you mean '-Wno-switch-default'?
gmake[1]: *** [CMakeFiles/cmTC_f6ca7.dir/build.make:85: CMakeFiles/cmTC_f6ca7.dir/src.cxx.o] Error 1
gmake[1]: Leaving directory '/mnt/DataLinux/diploma/llvm-project/llvm/cmake-build-debug/CMakeFiles/CMakeTmp'
gmake: *** [Makefile:140: cmTC_f6ca7/fast] Error 2


Source file was:
int main() { return 0; }
Performing C SOURCE FILE Test C_SUPPORTS_DELETE_NON_VIRTUAL_DTOR_FLAG failed with the following output:
Change Dir: /mnt/DataLinux/diploma/llvm-project/llvm/cmake-build-debug/CMakeFiles/CMakeTmp

Run Build Command(s):/usr/bin/gmake cmTC_d66be/fast && /usr/bin/gmake  -f CMakeFiles/cmTC_d66be.dir/build.make CMakeFiles/cmTC_d66be.dir/build
gmake[1]: Entering directory '/mnt/DataLinux/diploma/llvm-project/llvm/cmake-build-debug/CMakeFiles/CMakeTmp'
Building C object CMakeFiles/cmTC_d66be.dir/src.c.o
/usr/bin/cc -DC_SUPPORTS_DELETE_NON_VIRTUAL_DTOR_FLAG  -fPIC -fno-semantic-interposition -Werror=date-time -Wall -Wextra -Wno-unused-parameter -Wwrite-strings -Wno-missing-field-initializers -pedantic -Wno-long-long -Wimplicit-fallthrough    -Werror -Wdelete-non-virtual-dtor -o CMakeFiles/cmTC_d66be.dir/src.c.o -c /mnt/DataLinux/diploma/llvm-project/llvm/cmake-build-debug/CMakeFiles/CMakeTmp/src.c
cc1: error: command-line option '-Wdelete-non-virtual-dtor' is valid for C++/ObjC++ but not for C [-Werror]
cc1: all warnings being treated as errors
gmake[1]: *** [CMakeFiles/cmTC_d66be.dir/build.make:85: CMakeFiles/cmTC_d66be.dir/src.c.o] Error 1
gmake[1]: Leaving directory '/mnt/DataLinux/diploma/llvm-project/llvm/cmake-build-debug/CMakeFiles/CMakeTmp'
gmake: *** [Makefile:140: cmTC_d66be/fast] Error 2


Source file was:
int main(void) { return 0; }
Performing C SOURCE FILE Test C_WCOMMENT_ALLOWS_LINE_WRAP failed with the following output:
Change Dir: /mnt/DataLinux/diploma/llvm-project/llvm/cmake-build-debug/CMakeFiles/CMakeTmp

Run Build Command(s):/usr/bin/gmake cmTC_03de3/fast && /usr/bin/gmake  -f CMakeFiles/cmTC_03de3.dir/build.make CMakeFiles/cmTC_03de3.dir/build
gmake[1]: Entering directory '/mnt/DataLinux/diploma/llvm-project/llvm/cmake-build-debug/CMakeFiles/CMakeTmp'
Building C object CMakeFiles/cmTC_03de3.dir/src.c.o
/usr/bin/cc -DC_WCOMMENT_ALLOWS_LINE_WRAP -D_GNU_SOURCE  -fPIC -fno-semantic-interposition -Werror=date-time -Wall -Wextra -Wno-unused-parameter -Wwrite-strings -Wno-missing-field-initializers -pedantic -Wno-long-long -Wimplicit-fallthrough  -Werror -Wcomment -o CMakeFiles/cmTC_03de3.dir/src.c.o -c /mnt/DataLinux/diploma/llvm-project/llvm/cmake-build-debug/CMakeFiles/CMakeTmp/src.c
/mnt/DataLinux/diploma/llvm-project/llvm/cmake-build-debug/CMakeFiles/CMakeTmp/src.c:1:1: error: multi-line comment [-Werror=comment]
    1 | // \
      | ^
cc1: all warnings being treated as errors
gmake[1]: *** [CMakeFiles/cmTC_03de3.dir/build.make:85: CMakeFiles/cmTC_03de3.dir/src.c.o] Error 1
gmake[1]: Leaving directory '/mnt/DataLinux/diploma/llvm-project/llvm/cmake-build-debug/CMakeFiles/CMakeTmp'
gmake: *** [Makefile:140: cmTC_03de3/fast] Error 2


Source file was:
// \
//
int main() {return 0;}
Performing C SOURCE FILE Test C_SUPPORTS_STRING_CONVERSION_FLAG failed with the following output:
Change Dir: /mnt/DataLinux/diploma/llvm-project/llvm/cmake-build-debug/CMakeFiles/CMakeTmp

Run Build Command(s):/usr/bin/gmake cmTC_51be8/fast && /usr/bin/gmake  -f CMakeFiles/cmTC_51be8.dir/build.make CMakeFiles/cmTC_51be8.dir/build
gmake[1]: Entering directory '/mnt/DataLinux/diploma/llvm-project/llvm/cmake-build-debug/CMakeFiles/CMakeTmp'
Building C object CMakeFiles/cmTC_51be8.dir/src.c.o
/usr/bin/cc -DC_SUPPORTS_STRING_CONVERSION_FLAG  -fPIC -fno-semantic-interposition -Werror=date-time -Wall -Wextra -Wno-unused-parameter -Wwrite-strings -Wno-missing-field-initializers -pedantic -Wno-long-long -Wimplicit-fallthrough -Wno-comment    -Werror -Wstring-conversion -o CMakeFiles/cmTC_51be8.dir/src.c.o -c /mnt/DataLinux/diploma/llvm-project/llvm/cmake-build-debug/CMakeFiles/CMakeTmp/src.c
cc: error: unrecognized command-line option '-Wstring-conversion'; did you mean '-Wsign-conversion'?
gmake[1]: *** [CMakeFiles/cmTC_51be8.dir/build.make:85: CMakeFiles/cmTC_51be8.dir/src.c.o] Error 1
gmake[1]: Leaving directory '/mnt/DataLinux/diploma/llvm-project/llvm/cmake-build-debug/CMakeFiles/CMakeTmp'
gmake: *** [Makefile:140: cmTC_51be8/fast] Error 2


Source file was:
int main(void) { return 0; }
Performing C++ SOURCE FILE Test CXX_SUPPORTS_STRING_CONVERSION_FLAG failed with the following output:
Change Dir: /mnt/DataLinux/diploma/llvm-project/llvm/cmake-build-debug/CMakeFiles/CMakeTmp

Run Build Command(s):/usr/bin/gmake cmTC_646c5/fast && /usr/bin/gmake  -f CMakeFiles/cmTC_646c5.dir/build.make CMakeFiles/cmTC_646c5.dir/build
gmake[1]: Entering directory '/mnt/DataLinux/diploma/llvm-project/llvm/cmake-build-debug/CMakeFiles/CMakeTmp'
Building CXX object CMakeFiles/cmTC_646c5.dir/src.cxx.o
/usr/bin/c++ -DCXX_SUPPORTS_STRING_CONVERSION_FLAG  -fPIC -fno-semantic-interposition -fvisibility-inlines-hidden -Werror=date-time -Wall -Wextra -Wno-unused-parameter -Wwrite-strings -Wcast-qual -Wno-missing-field-initializers -pedantic -Wno-long-long -Wimplicit-fallthrough -Wno-maybe-uninitialized -Wno-class-memaccess -Wno-redundant-move -Wno-pessimizing-move -Wno-noexcept-type -Wdelete-non-virtual-dtor -Wsuggest-override -Wno-comment    -Werror -Wstring-conversion -std=c++14 -o CMakeFiles/cmTC_646c5.dir/src.cxx.o -c /mnt/DataLinux/diploma/llvm-project/llvm/cmake-build-debug/CMakeFiles/CMakeTmp/src.cxx
c++: error: unrecognized command-line option '-Wstring-conversion'; did you mean '-Wsign-conversion'?
gmake[1]: *** [CMakeFiles/cmTC_646c5.dir/build.make:85: CMakeFiles/cmTC_646c5.dir/src.cxx.o] Error 1
gmake[1]: Leaving directory '/mnt/DataLinux/diploma/llvm-project/llvm/cmake-build-debug/CMakeFiles/CMakeTmp'
gmake: *** [Makefile:140: cmTC_646c5/fast] Error 2


Source file was:
int main() { return 0; }
Determining if the os_signpost_interval_begin exist failed with the following output:
Change Dir: /mnt/DataLinux/diploma/llvm-project/llvm/cmake-build-debug/CMakeFiles/CMakeTmp

Run Build Command(s):/usr/bin/gmake cmTC_29a7c/fast && /usr/bin/gmake  -f CMakeFiles/cmTC_29a7c.dir/build.make CMakeFiles/cmTC_29a7c.dir/build
gmake[1]: Entering directory '/mnt/DataLinux/diploma/llvm-project/llvm/cmake-build-debug/CMakeFiles/CMakeTmp'
Building C object CMakeFiles/cmTC_29a7c.dir/CheckSymbolExists.c.o
/usr/bin/cc -D_GNU_SOURCE  -fPIC -fno-semantic-interposition -Werror=date-time -Wall -Wextra -Wno-unused-parameter -Wwrite-strings -Wno-missing-field-initializers -pedantic -Wno-long-long -Wimplicit-fallthrough -Wno-comment -Wmisleading-indentation  -o CMakeFiles/cmTC_29a7c.dir/CheckSymbolExists.c.o -c /mnt/DataLinux/diploma/llvm-project/llvm/cmake-build-debug/CMakeFiles/CMakeTmp/CheckSymbolExists.c
/mnt/DataLinux/diploma/llvm-project/llvm/cmake-build-debug/CMakeFiles/CMakeTmp/CheckSymbolExists.c:2:10: fatal error: os/signpost.h: No such file or directory
    2 | #include <os/signpost.h>
      |          ^~~~~~~~~~~~~~~
compilation terminated.
gmake[1]: *** [CMakeFiles/cmTC_29a7c.dir/build.make:85: CMakeFiles/cmTC_29a7c.dir/CheckSymbolExists.c.o] Error 1
gmake[1]: Leaving directory '/mnt/DataLinux/diploma/llvm-project/llvm/cmake-build-debug/CMakeFiles/CMakeTmp'
gmake: *** [Makefile:140: cmTC_29a7c/fast] Error 2


File /mnt/DataLinux/diploma/llvm-project/llvm/cmake-build-debug/CMakeFiles/CMakeTmp/CheckSymbolExists.c:
/* */
#include <os/signpost.h>

int main(int argc, char** argv)
{
  (void)argv;
#ifndef os_signpost_interval_begin
  return ((int*)(&os_signpost_interval_begin))[argc];
#else
  (void)argc;
  return 0;
#endif
}
Performing C++ SOURCE FILE Test HAVE_CXX_FLAG_WSHORTEN_64_TO_32 failed with the following output:
Change Dir: /mnt/DataLinux/diploma/llvm-project/llvm/cmake-build-debug/CMakeFiles/CMakeTmp

Run Build Command(s):/usr/bin/gmake cmTC_79f44/fast && /usr/bin/gmake  -f CMakeFiles/cmTC_79f44.dir/build.make CMakeFiles/cmTC_79f44.dir/build
gmake[1]: Entering directory '/mnt/DataLinux/diploma/llvm-project/llvm/cmake-build-debug/CMakeFiles/CMakeTmp'
Building CXX object CMakeFiles/cmTC_79f44.dir/src.cxx.o
/usr/bin/c++ -DHAVE_CXX_FLAG_WSHORTEN_64_TO_32  -fPIC -fno-semantic-interposition -fvisibility-inlines-hidden -Werror=date-time -Wall -Wextra -Wno-unused-parameter -Wwrite-strings -Wcast-qual -Wno-missing-field-initializers -pedantic -Wno-long-long -Wimplicit-fallthrough -Wno-maybe-uninitialized -Wno-class-memaccess -Wno-redundant-move -Wno-pessimizing-move -Wno-noexcept-type -Wdelete-non-virtual-dtor -Wsuggest-override -Wno-comment -Wmisleading-indentation  -std=c++11  -Wall  -Wextra  -Wshadow  -pedantic  -pedantic-errors  -Wshorten-64-to-32   -Wshorten-64-to-32 -std=c++14 -o CMakeFiles/cmTC_79f44.dir/src.cxx.o -c /mnt/DataLinux/diploma/llvm-project/llvm/cmake-build-debug/CMakeFiles/CMakeTmp/src.cxx
c++: error: unrecognized command-line option '-Wshorten-64-to-32'
c++: error: unrecognized command-line option '-Wshorten-64-to-32'
gmake[1]: *** [CMakeFiles/cmTC_79f44.dir/build.make:85: CMakeFiles/cmTC_79f44.dir/src.cxx.o] Error 1
gmake[1]: Leaving directory '/mnt/DataLinux/diploma/llvm-project/llvm/cmake-build-debug/CMakeFiles/CMakeTmp'
gmake: *** [Makefile:140: cmTC_79f44/fast] Error 2


Source file was:
int main() { return 0; }
Performing C++ SOURCE FILE Test HAVE_CXX_FLAG_WD654 failed with the following output:
Change Dir: /mnt/DataLinux/diploma/llvm-project/llvm/cmake-build-debug/CMakeFiles/CMakeTmp

Run Build Command(s):/usr/bin/gmake cmTC_2f98f/fast && /usr/bin/gmake  -f CMakeFiles/cmTC_2f98f.dir/build.make CMakeFiles/cmTC_2f98f.dir/build
gmake[1]: Entering directory '/mnt/DataLinux/diploma/llvm-project/llvm/cmake-build-debug/CMakeFiles/CMakeTmp'
Building CXX object CMakeFiles/cmTC_2f98f.dir/src.cxx.o
/usr/bin/c++ -DHAVE_CXX_FLAG_WD654  -fPIC -fno-semantic-interposition -fvisibility-inlines-hidden -Werror=date-time -Wall -Wextra -Wno-unused-parameter -Wwrite-strings -Wcast-qual -Wno-missing-field-initializers -pedantic -Wno-long-long -Wimplicit-fallthrough -Wno-maybe-uninitialized -Wno-class-memaccess -Wno-redundant-move -Wno-pessimizing-move -Wno-noexcept-type -Wdelete-non-virtual-dtor -Wsuggest-override -Wno-comment -Wmisleading-indentation  -std=c++11  -Wall  -Wextra  -Wshadow  -pedantic  -pedantic-errors  -Wfloat-equal  -fstrict-aliasing  -fno-exceptions  -Wno-suggest-override  -Wstrict-aliasing  -wd654   -wd654 -std=c++14 -o CMakeFiles/cmTC_2f98f.dir/src.cxx.o -c /mnt/DataLinux/diploma/llvm-project/llvm/cmake-build-debug/CMakeFiles/CMakeTmp/src.cxx
c++: error: unrecognized command-line option '-wd654'
c++: error: unrecognized command-line option '-wd654'
gmake[1]: *** [CMakeFiles/cmTC_2f98f.dir/build.make:85: CMakeFiles/cmTC_2f98f.dir/src.cxx.o] Error 1
gmake[1]: Leaving directory '/mnt/DataLinux/diploma/llvm-project/llvm/cmake-build-debug/CMakeFiles/CMakeTmp'
gmake: *** [Makefile:140: cmTC_2f98f/fast] Error 2


Source file was:
int main() { return 0; }
Performing C++ SOURCE FILE Test HAVE_CXX_FLAG_WTHREAD_SAFETY failed with the following output:
Change Dir: /mnt/DataLinux/diploma/llvm-project/llvm/cmake-build-debug/CMakeFiles/CMakeTmp

Run Build Command(s):/usr/bin/gmake cmTC_c69ec/fast && /usr/bin/gmake  -f CMakeFiles/cmTC_c69ec.dir/build.make CMakeFiles/cmTC_c69ec.dir/build
gmake[1]: Entering directory '/mnt/DataLinux/diploma/llvm-project/llvm/cmake-build-debug/CMakeFiles/CMakeTmp'
Building CXX object CMakeFiles/cmTC_c69ec.dir/src.cxx.o
/usr/bin/c++ -DHAVE_CXX_FLAG_WTHREAD_SAFETY  -fPIC -fno-semantic-interposition -fvisibility-inlines-hidden -Werror=date-time -Wall -Wextra -Wno-unused-parameter -Wwrite-strings -Wcast-qual -Wno-missing-field-initializers -pedantic -Wno-long-long -Wimplicit-fallthrough -Wno-maybe-uninitialized -Wno-class-memaccess -Wno-redundant-move -Wno-pessimizing-move -Wno-noexcept-type -Wdelete-non-virtual-dtor -Wsuggest-override -Wno-comment -Wmisleading-indentation  -std=c++11  -Wall  -Wextra  -Wshadow  -pedantic  -pedantic-errors  -Wfloat-equal  -fstrict-aliasing  -fno-exceptions  -Wno-suggest-override  -Wstrict-aliasing  -Wthread-safety   -Wthread-safety -std=c++14 -o CMakeFiles/cmTC_c69ec.dir/src.cxx.o -c /mnt/DataLinux/diploma/llvm-project/llvm/cmake-build-debug/CMakeFiles/CMakeTmp/src.cxx
c++: error: unrecognized command-line option '-Wthread-safety'
c++: error: unrecognized command-line option '-Wthread-safety'
gmake[1]: *** [CMakeFiles/cmTC_c69ec.dir/build.make:85: CMakeFiles/cmTC_c69ec.dir/src.cxx.o] Error 1
gmake[1]: Leaving directory '/mnt/DataLinux/diploma/llvm-project/llvm/cmake-build-debug/CMakeFiles/CMakeTmp'
gmake: *** [Makefile:140: cmTC_c69ec/fast] Error 2


Source file was:
int main() { return 0; }
